<?xml version="1.0" encoding="UTF-8"?>
<testng-results ignored="0" total="15" passed="13" failed="2" skipped="0">
  <reporter-output>
  </reporter-output>
  <suite started-at="2022-01-05T22:04:27 ICT" name="Default Suite" finished-at="2022-01-05T22:06:43 ICT" duration-ms="135870">
    <groups>
    </groups>
    <test started-at="2022-01-05T22:04:27 ICT" name="SeleniumLevel1" finished-at="2022-01-05T22:06:43 ICT" duration-ms="135870">
      <class name="Railway.TestCase09">
        <test-method is-config="true" signature="beforeMethod()[pri:0, instance:Railway.TestCase09@22635ba0]" started-at="2022-01-05T22:05:26 ICT" name="beforeMethod" finished-at="2022-01-05T22:05:27 ICT" duration-ms="1084" status="PASS">
          <reporter-output>
          </reporter-output>
        </test-method> <!-- beforeMethod -->
        <test-method signature="TC09()[pri:0, instance:Railway.TestCase09@22635ba0]" started-at="2022-01-05T22:05:27 ICT" name="TC09" finished-at="2022-01-05T22:05:34 ICT" duration-ms="6620" status="PASS">
          <reporter-output>
          </reporter-output>
        </test-method> <!-- TC09 -->
        <test-method is-config="true" signature="afterMethod()[pri:0, instance:Railway.TestCase09@22635ba0]" started-at="2022-01-05T22:05:34 ICT" name="afterMethod" finished-at="2022-01-05T22:05:35 ICT" duration-ms="805" status="PASS">
          <reporter-output>
          </reporter-output>
        </test-method> <!-- afterMethod -->
      </class> <!-- Railway.TestCase09 -->
      <class name="Railway.TestCase07">
        <test-method is-config="true" signature="beforeMethod()[pri:0, instance:Railway.TestCase07@197d671]" started-at="2022-01-05T22:05:12 ICT" name="beforeMethod" finished-at="2022-01-05T22:05:13 ICT" duration-ms="1095" status="PASS">
          <reporter-output>
          </reporter-output>
        </test-method> <!-- beforeMethod -->
        <test-method signature="TCO7()[pri:0, instance:Railway.TestCase07@197d671]" started-at="2022-01-05T22:05:13 ICT" name="TCO7" finished-at="2022-01-05T22:05:19 ICT" duration-ms="5192" status="PASS">
          <reporter-output>
          </reporter-output>
        </test-method> <!-- TCO7 -->
        <test-method is-config="true" signature="afterMethod()[pri:0, instance:Railway.TestCase07@197d671]" started-at="2022-01-05T22:05:19 ICT" name="afterMethod" finished-at="2022-01-05T22:05:19 ICT" duration-ms="660" status="PASS">
          <reporter-output>
          </reporter-output>
        </test-method> <!-- afterMethod -->
      </class> <!-- Railway.TestCase07 -->
      <class name="Railway.TestCase08">
        <test-method is-config="true" signature="beforeMethod()[pri:0, instance:Railway.TestCase08@1df82230]" started-at="2022-01-05T22:05:19 ICT" name="beforeMethod" finished-at="2022-01-05T22:05:20 ICT" duration-ms="1080" status="PASS">
          <reporter-output>
          </reporter-output>
        </test-method> <!-- beforeMethod -->
        <test-method signature="TCO8()[pri:0, instance:Railway.TestCase08@1df82230]" started-at="2022-01-05T22:05:20 ICT" name="TCO8" finished-at="2022-01-05T22:05:25 ICT" duration-ms="5108" status="PASS">
          <reporter-output>
          </reporter-output>
        </test-method> <!-- TCO8 -->
        <test-method is-config="true" signature="afterMethod()[pri:0, instance:Railway.TestCase08@1df82230]" started-at="2022-01-05T22:05:25 ICT" name="afterMethod" finished-at="2022-01-05T22:05:26 ICT" duration-ms="660" status="PASS">
          <reporter-output>
          </reporter-output>
        </test-method> <!-- afterMethod -->
      </class> <!-- Railway.TestCase08 -->
      <class name="Railway.TestCase16">
        <test-method is-config="true" signature="beforeMethod()[pri:0, instance:Railway.TestCase16@7995092a]" started-at="2022-01-05T22:06:11 ICT" name="beforeMethod" finished-at="2022-01-05T22:06:12 ICT" duration-ms="1163" status="PASS">
          <reporter-output>
          </reporter-output>
        </test-method> <!-- beforeMethod -->
        <test-method signature="TC16(java.lang.String,java.lang.String,java.lang.String,java.lang.String)[pri:0, instance:Railway.TestCase16@7995092a]" started-at="2022-01-05T22:06:12 ICT" name="TC16" data-provider="dataProvider1" finished-at="2022-01-05T22:06:29 ICT" duration-ms="16569" status="PASS">
          <params>
            <param index="0">
              <value>
                <![CDATA[Nha Trang]]>
              </value>
            </param>
            <param index="1">
              <value>
                <![CDATA[Sài Gòn]]>
              </value>
            </param>
            <param index="2">
              <value>
                <![CDATA[Soft seat with air conditioner]]>
              </value>
            </param>
            <param index="3">
              <value>
                <![CDATA[1]]>
              </value>
            </param>
          </params>
          <reporter-output>
          </reporter-output>
        </test-method> <!-- TC16 -->
        <test-method is-config="true" signature="afterMethod()[pri:0, instance:Railway.TestCase16@7995092a]" started-at="2022-01-05T22:06:29 ICT" name="afterMethod" finished-at="2022-01-05T22:06:30 ICT" duration-ms="880" status="PASS">
          <reporter-output>
          </reporter-output>
        </test-method> <!-- afterMethod -->
      </class> <!-- Railway.TestCase16 -->
      <class name="Railway.TestCase05">
        <test-method is-config="true" signature="beforeMethod()[pri:0, instance:Railway.TestCase05@6b4a4e18]" started-at="2022-01-05T22:04:55 ICT" name="beforeMethod" finished-at="2022-01-05T22:04:56 ICT" duration-ms="1108" status="PASS">
          <reporter-output>
          </reporter-output>
        </test-method> <!-- beforeMethod -->
        <test-method signature="TCO5()[pri:0, instance:Railway.TestCase05@6b4a4e18]" started-at="2022-01-05T22:04:56 ICT" name="TCO5" finished-at="2022-01-05T22:05:02 ICT" duration-ms="6179" status="FAIL">
          <exception class="java.lang.AssertionError">
            <message>
              <![CDATA[Welcome message is not displayed as expexed expected [You have used 4 out of 5 login attempts] but found [Invalid username or password. Please try again.]]]>
            </message>
            <full-stacktrace>
              <![CDATA[java.lang.AssertionError: Welcome message is not displayed as expexed expected [You have used 4 out of 5 login attempts] but found [Invalid username or password. Please try again.]
at org.testng.Assert.fail(Assert.java:99)
at org.testng.Assert.failNotEquals(Assert.java:1037)
at org.testng.Assert.assertEqualsImpl(Assert.java:140)
at org.testng.Assert.assertEquals(Assert.java:122)
at org.testng.Assert.assertEquals(Assert.java:629)
at Railway.TestCase05.TCO5(TestCase05.java:27)
at java.base/jdk.internal.reflect.NativeMethodAccessorImpl.invoke0(Native Method)
at java.base/jdk.internal.reflect.NativeMethodAccessorImpl.invoke(NativeMethodAccessorImpl.java:77)
at java.base/jdk.internal.reflect.DelegatingMethodAccessorImpl.invoke(DelegatingMethodAccessorImpl.java:43)
at java.base/java.lang.reflect.Method.invoke(Method.java:568)
at org.testng.internal.MethodInvocationHelper.invokeMethod(MethodInvocationHelper.java:133)
at org.testng.internal.TestInvoker.invokeMethod(TestInvoker.java:598)
at org.testng.internal.TestInvoker.invokeTestMethod(TestInvoker.java:173)
at org.testng.internal.MethodRunner.runInSequence(MethodRunner.java:46)
at org.testng.internal.TestInvoker$MethodInvocationAgent.invoke(TestInvoker.java:824)
at org.testng.internal.TestInvoker.invokeTestMethods(TestInvoker.java:146)
at org.testng.internal.TestMethodWorker.invokeTestMethods(TestMethodWorker.java:146)
at org.testng.internal.TestMethodWorker.run(TestMethodWorker.java:128)
at java.base/java.util.ArrayList.forEach(ArrayList.java:1511)
at org.testng.TestRunner.privateRun(TestRunner.java:794)
at org.testng.TestRunner.run(TestRunner.java:596)
at org.testng.SuiteRunner.runTest(SuiteRunner.java:377)
at org.testng.SuiteRunner.runSequentially(SuiteRunner.java:371)
at org.testng.SuiteRunner.privateRun(SuiteRunner.java:332)
at org.testng.SuiteRunner.run(SuiteRunner.java:276)
at org.testng.SuiteRunnerWorker.runSuite(SuiteRunnerWorker.java:53)
at org.testng.SuiteRunnerWorker.run(SuiteRunnerWorker.java:96)
at org.testng.TestNG.runSuitesSequentially(TestNG.java:1212)
at org.testng.TestNG.runSuitesLocally(TestNG.java:1134)
at org.testng.TestNG.runSuites(TestNG.java:1063)
at org.testng.TestNG.run(TestNG.java:1031)
at com.intellij.rt.testng.IDEARemoteTestNG.run(IDEARemoteTestNG.java:66)
at com.intellij.rt.testng.RemoteTestNGStarter.main(RemoteTestNGStarter.java:109)
]]>
            </full-stacktrace>
          </exception> <!-- java.lang.AssertionError -->
          <reporter-output>
          </reporter-output>
        </test-method> <!-- TCO5 -->
        <test-method is-config="true" signature="afterMethod()[pri:0, instance:Railway.TestCase05@6b4a4e18]" started-at="2022-01-05T22:05:02 ICT" name="afterMethod" finished-at="2022-01-05T22:05:03 ICT" duration-ms="840" status="PASS">
          <reporter-output>
          </reporter-output>
        </test-method> <!-- afterMethod -->
      </class> <!-- Railway.TestCase05 -->
      <class name="Railway.TestCase06">
        <test-method is-config="true" signature="beforeMethod()[pri:0, instance:Railway.TestCase06@27c86f2d]" started-at="2022-01-05T22:05:03 ICT" name="beforeMethod" finished-at="2022-01-05T22:05:04 ICT" duration-ms="1112" status="PASS">
          <reporter-output>
          </reporter-output>
        </test-method> <!-- beforeMethod -->
        <test-method signature="TCO6()[pri:0, instance:Railway.TestCase06@27c86f2d]" started-at="2022-01-05T22:05:04 ICT" name="TCO6" finished-at="2022-01-05T22:05:12 ICT" duration-ms="7544" status="PASS">
          <reporter-output>
          </reporter-output>
        </test-method> <!-- TCO6 -->
        <test-method is-config="true" signature="afterMethod()[pri:0, instance:Railway.TestCase06@27c86f2d]" started-at="2022-01-05T22:05:12 ICT" name="afterMethod" finished-at="2022-01-05T22:05:12 ICT" duration-ms="657" status="PASS">
          <reporter-output>
          </reporter-output>
        </test-method> <!-- afterMethod -->
      </class> <!-- Railway.TestCase06 -->
      <class name="Railway.TestCase17">
        <test-method is-config="true" signature="beforeMethod()[pri:0, instance:Railway.TestCase17@7fc2413d]" started-at="2022-01-05T22:06:30 ICT" name="beforeMethod" finished-at="2022-01-05T22:06:31 ICT" duration-ms="1088" status="PASS">
          <reporter-output>
          </reporter-output>
        </test-method> <!-- beforeMethod -->
        <test-method signature="TC17(java.lang.String,java.lang.String,java.lang.String,java.lang.String,java.lang.String)[pri:0, instance:Railway.TestCase17@7fc2413d]" started-at="2022-01-05T22:06:31 ICT" name="TC17" data-provider="dataProvider2" finished-at="2022-01-05T22:06:42 ICT" duration-ms="11464" status="PASS">
          <params>
            <param index="0">
              <value>
                <![CDATA[Nha Trang]]>
              </value>
            </param>
            <param index="1">
              <value>
                <![CDATA[Sài Gòn]]>
              </value>
            </param>
            <param index="2">
              <value>
                <![CDATA[Soft seat with air conditioner]]>
              </value>
            </param>
            <param index="3">
              <value>
                <![CDATA[10]]>
              </value>
            </param>
            <param index="4">
              <value>
                <![CDATA[1]]>
              </value>
            </param>
          </params>
          <reporter-output>
          </reporter-output>
        </test-method> <!-- TC17 -->
        <test-method is-config="true" signature="afterMethod()[pri:0, instance:Railway.TestCase17@7fc2413d]" started-at="2022-01-05T22:06:42 ICT" name="afterMethod" finished-at="2022-01-05T22:06:43 ICT" duration-ms="743" status="PASS">
          <reporter-output>
          </reporter-output>
        </test-method> <!-- afterMethod -->
      </class> <!-- Railway.TestCase17 -->
      <class name="Railway.TestCase14">
        <test-method is-config="true" signature="beforeMethod()[pri:0, instance:Railway.TestCase14@5a955565]" started-at="2022-01-05T22:05:48 ICT" name="beforeMethod" finished-at="2022-01-05T22:05:49 ICT" duration-ms="1108" status="PASS">
          <reporter-output>
          </reporter-output>
        </test-method> <!-- beforeMethod -->
        <test-method signature="TC14(java.lang.String,java.lang.String,java.lang.String,java.lang.String)[pri:0, instance:Railway.TestCase14@5a955565]" started-at="2022-01-05T22:05:49 ICT" name="TC14" data-provider="dataProvider" finished-at="2022-01-05T22:05:59 ICT" duration-ms="10041" status="PASS">
          <params>
            <param index="0">
              <value>
                <![CDATA[Nha Trang]]>
              </value>
            </param>
            <param index="1">
              <value>
                <![CDATA[Sài Gòn]]>
              </value>
            </param>
            <param index="2">
              <value>
                <![CDATA[Soft seat with air conditioner]]>
              </value>
            </param>
            <param index="3">
              <value>
                <![CDATA[5]]>
              </value>
            </param>
          </params>
          <reporter-output>
          </reporter-output>
        </test-method> <!-- TC14 -->
        <test-method is-config="true" signature="afterMethod()[pri:0, instance:Railway.TestCase14@5a955565]" started-at="2022-01-05T22:05:59 ICT" name="afterMethod" finished-at="2022-01-05T22:06:00 ICT" duration-ms="719" status="PASS">
          <reporter-output>
          </reporter-output>
        </test-method> <!-- afterMethod -->
      </class> <!-- Railway.TestCase14 -->
      <class name="Railway.TestCase03">
        <test-method is-config="true" signature="beforeMethod()[pri:0, instance:Railway.TestCase03@501edcf1]" started-at="2022-01-05T22:04:41 ICT" name="beforeMethod" finished-at="2022-01-05T22:04:42 ICT" duration-ms="1112" status="PASS">
          <reporter-output>
          </reporter-output>
        </test-method> <!-- beforeMethod -->
        <test-method signature="TCO3()[pri:0, instance:Railway.TestCase03@501edcf1]" started-at="2022-01-05T22:04:42 ICT" name="TCO3" finished-at="2022-01-05T22:04:47 ICT" duration-ms="5020" status="PASS">
          <reporter-output>
          </reporter-output>
        </test-method> <!-- TCO3 -->
        <test-method is-config="true" signature="afterMethod()[pri:0, instance:Railway.TestCase03@501edcf1]" started-at="2022-01-05T22:04:47 ICT" name="afterMethod" finished-at="2022-01-05T22:04:48 ICT" duration-ms="747" status="PASS">
          <reporter-output>
          </reporter-output>
        </test-method> <!-- afterMethod -->
      </class> <!-- Railway.TestCase03 -->
      <class name="Railway.TestCase04">
        <test-method is-config="true" signature="beforeMethod()[pri:0, instance:Railway.TestCase04@78b729e6]" started-at="2022-01-05T22:04:48 ICT" name="beforeMethod" finished-at="2022-01-05T22:04:49 ICT" duration-ms="1137" status="PASS">
          <reporter-output>
          </reporter-output>
        </test-method> <!-- beforeMethod -->
        <test-method signature="TCO4()[pri:0, instance:Railway.TestCase04@78b729e6]" started-at="2022-01-05T22:04:49 ICT" name="TCO4" finished-at="2022-01-05T22:04:54 ICT" duration-ms="5296" status="PASS">
          <reporter-output>
          </reporter-output>
        </test-method> <!-- TCO4 -->
        <test-method is-config="true" signature="afterMethod()[pri:0, instance:Railway.TestCase04@78b729e6]" started-at="2022-01-05T22:04:54 ICT" name="afterMethod" finished-at="2022-01-05T22:04:55 ICT" duration-ms="751" status="PASS">
          <reporter-output>
          </reporter-output>
        </test-method> <!-- afterMethod -->
      </class> <!-- Railway.TestCase04 -->
      <class name="Railway.TestCase15">
        <test-method is-config="true" signature="beforeMethod()[pri:0, instance:Railway.TestCase15@6293abcc]" started-at="2022-01-05T22:06:00 ICT" name="beforeMethod" finished-at="2022-01-05T22:06:01 ICT" duration-ms="1086" status="PASS">
          <reporter-output>
          </reporter-output>
        </test-method> <!-- beforeMethod -->
        <test-method signature="TC15()[pri:0, instance:Railway.TestCase15@6293abcc]" started-at="2022-01-05T22:06:01 ICT" name="TC15" finished-at="2022-01-05T22:06:10 ICT" duration-ms="9030" status="FAIL">
          <exception class="java.lang.AssertionError">
            <message>
              <![CDATA[expected [Ticket price from Đà Nẵng to Sài Gòn] but found [Ticket price from Sài Gòn to Phan Thiết]]]>
            </message>
            <full-stacktrace>
              <![CDATA[java.lang.AssertionError: expected [Ticket price from Đà Nẵng to Sài Gòn] but found [Ticket price from Sài Gòn to Phan Thiết]
at org.testng.Assert.fail(Assert.java:99)
at org.testng.Assert.failNotEquals(Assert.java:1037)
at org.testng.Assert.assertEqualsImpl(Assert.java:140)
at org.testng.Assert.assertEquals(Assert.java:122)
at org.testng.Assert.assertEquals(Assert.java:629)
at org.testng.Assert.assertEquals(Assert.java:639)
at Railway.TestCase15.TC15(TestCase15.java:32)
at java.base/jdk.internal.reflect.NativeMethodAccessorImpl.invoke0(Native Method)
at java.base/jdk.internal.reflect.NativeMethodAccessorImpl.invoke(NativeMethodAccessorImpl.java:77)
at java.base/jdk.internal.reflect.DelegatingMethodAccessorImpl.invoke(DelegatingMethodAccessorImpl.java:43)
at java.base/java.lang.reflect.Method.invoke(Method.java:568)
at org.testng.internal.MethodInvocationHelper.invokeMethod(MethodInvocationHelper.java:133)
at org.testng.internal.TestInvoker.invokeMethod(TestInvoker.java:598)
at org.testng.internal.TestInvoker.invokeTestMethod(TestInvoker.java:173)
at org.testng.internal.MethodRunner.runInSequence(MethodRunner.java:46)
at org.testng.internal.TestInvoker$MethodInvocationAgent.invoke(TestInvoker.java:824)
at org.testng.internal.TestInvoker.invokeTestMethods(TestInvoker.java:146)
at org.testng.internal.TestMethodWorker.invokeTestMethods(TestMethodWorker.java:146)
at org.testng.internal.TestMethodWorker.run(TestMethodWorker.java:128)
at java.base/java.util.ArrayList.forEach(ArrayList.java:1511)
at org.testng.TestRunner.privateRun(TestRunner.java:794)
at org.testng.TestRunner.run(TestRunner.java:596)
at org.testng.SuiteRunner.runTest(SuiteRunner.java:377)
at org.testng.SuiteRunner.runSequentially(SuiteRunner.java:371)
at org.testng.SuiteRunner.privateRun(SuiteRunner.java:332)
at org.testng.SuiteRunner.run(SuiteRunner.java:276)
at org.testng.SuiteRunnerWorker.runSuite(SuiteRunnerWorker.java:53)
at org.testng.SuiteRunnerWorker.run(SuiteRunnerWorker.java:96)
at org.testng.TestNG.runSuitesSequentially(TestNG.java:1212)
at org.testng.TestNG.runSuitesLocally(TestNG.java:1134)
at org.testng.TestNG.runSuites(TestNG.java:1063)
at org.testng.TestNG.run(TestNG.java:1031)
at com.intellij.rt.testng.IDEARemoteTestNG.run(IDEARemoteTestNG.java:66)
at com.intellij.rt.testng.RemoteTestNGStarter.main(RemoteTestNGStarter.java:109)
]]>
            </full-stacktrace>
          </exception> <!-- java.lang.AssertionError -->
          <reporter-output>
          </reporter-output>
        </test-method> <!-- TC15 -->
        <test-method is-config="true" signature="afterMethod()[pri:0, instance:Railway.TestCase15@6293abcc]" started-at="2022-01-05T22:06:10 ICT" name="afterMethod" finished-at="2022-01-05T22:06:11 ICT" duration-ms="668" status="PASS">
          <reporter-output>
          </reporter-output>
        </test-method> <!-- afterMethod -->
      </class> <!-- Railway.TestCase15 -->
      <class name="Railway.TestCase01">
        <test-method is-config="true" signature="beforeMethod()[pri:0, instance:Railway.TestCase01@3b2da18f]" started-at="2022-01-05T22:04:27 ICT" name="beforeMethod" finished-at="2022-01-05T22:04:29 ICT" duration-ms="2360" status="PASS">
          <reporter-output>
          </reporter-output>
        </test-method> <!-- beforeMethod -->
        <test-method signature="TCO1()[pri:0, instance:Railway.TestCase01@3b2da18f]" started-at="2022-01-05T22:04:29 ICT" name="TCO1" finished-at="2022-01-05T22:04:34 ICT" duration-ms="4551" status="PASS">
          <reporter-output>
          </reporter-output>
        </test-method> <!-- TCO1 -->
        <test-method is-config="true" signature="afterMethod()[pri:0, instance:Railway.TestCase01@3b2da18f]" started-at="2022-01-05T22:04:34 ICT" name="afterMethod" finished-at="2022-01-05T22:04:35 ICT" duration-ms="618" status="PASS">
          <reporter-output>
          </reporter-output>
        </test-method> <!-- afterMethod -->
      </class> <!-- Railway.TestCase01 -->
      <class name="Railway.TestCase02">
        <test-method is-config="true" signature="beforeMethod()[pri:0, instance:Railway.TestCase02@10db82ae]" started-at="2022-01-05T22:04:35 ICT" name="beforeMethod" finished-at="2022-01-05T22:04:36 ICT" duration-ms="1139" status="PASS">
          <reporter-output>
          </reporter-output>
        </test-method> <!-- beforeMethod -->
        <test-method signature="TCO2()[pri:0, instance:Railway.TestCase02@10db82ae]" started-at="2022-01-05T22:04:36 ICT" name="TCO2" finished-at="2022-01-05T22:04:40 ICT" duration-ms="4187" status="PASS">
          <reporter-output>
          </reporter-output>
        </test-method> <!-- TCO2 -->
        <test-method is-config="true" signature="afterMethod()[pri:0, instance:Railway.TestCase02@10db82ae]" started-at="2022-01-05T22:04:40 ICT" name="afterMethod" finished-at="2022-01-05T22:04:41 ICT" duration-ms="913" status="PASS">
          <reporter-output>
          </reporter-output>
        </test-method> <!-- afterMethod -->
      </class> <!-- Railway.TestCase02 -->
      <class name="Railway.TestCase10">
        <test-method is-config="true" signature="beforeMethod()[pri:0, instance:Railway.TestCase10@13c10b87]" started-at="2022-01-05T22:05:35 ICT" name="beforeMethod" finished-at="2022-01-05T22:05:36 ICT" duration-ms="1207" status="PASS">
          <reporter-output>
          </reporter-output>
        </test-method> <!-- beforeMethod -->
        <test-method signature="TC10()[pri:0, instance:Railway.TestCase10@13c10b87]" started-at="2022-01-05T22:05:36 ICT" name="TC10" finished-at="2022-01-05T22:05:40 ICT" duration-ms="4360" status="PASS">
          <reporter-output>
          </reporter-output>
        </test-method> <!-- TC10 -->
        <test-method is-config="true" signature="afterMethod()[pri:0, instance:Railway.TestCase10@13c10b87]" started-at="2022-01-05T22:05:40 ICT" name="afterMethod" finished-at="2022-01-05T22:05:41 ICT" duration-ms="699" status="PASS">
          <reporter-output>
          </reporter-output>
        </test-method> <!-- afterMethod -->
      </class> <!-- Railway.TestCase10 -->
      <class name="Railway.TestCase11">
        <test-method is-config="true" signature="beforeMethod()[pri:0, instance:Railway.TestCase11@6a01e23]" started-at="2022-01-05T22:05:41 ICT" name="beforeMethod" finished-at="2022-01-05T22:05:42 ICT" duration-ms="1124" status="PASS">
          <reporter-output>
          </reporter-output>
        </test-method> <!-- beforeMethod -->
        <test-method signature="TC11()[pri:0, instance:Railway.TestCase11@6a01e23]" started-at="2022-01-05T22:05:42 ICT" name="TC11" finished-at="2022-01-05T22:05:47 ICT" duration-ms="5414" status="PASS">
          <reporter-output>
          </reporter-output>
        </test-method> <!-- TC11 -->
        <test-method is-config="true" signature="afterMethod()[pri:0, instance:Railway.TestCase11@6a01e23]" started-at="2022-01-05T22:05:47 ICT" name="afterMethod" finished-at="2022-01-05T22:05:48 ICT" duration-ms="838" status="PASS">
          <reporter-output>
          </reporter-output>
        </test-method> <!-- afterMethod -->
      </class> <!-- Railway.TestCase11 -->
    </test> <!-- SeleniumLevel1 -->
  </suite> <!-- Default Suite -->
</testng-results>
