<?xml version="1.0" encoding="UTF-8"?>
<!-- Generated by org.testng.reporters.JUnitXMLReporter -->
<testsuite ignored="0" hostname="Admin" failures="2" tests="15" name="SeleniumLevel1" time="135.87" errors="0" timestamp="2022-01-05T22:06:43 ICT">
  <testcase classname="Railway.TestCase01" name="TCO1" time="4.551"/>
  <testcase classname="Railway.TestCase02" name="TCO2" time="4.187"/>
  <testcase classname="Railway.TestCase03" name="TCO3" time="5.02"/>
  <testcase classname="Railway.TestCase04" name="TCO4" time="5.296"/>
  <testcase classname="Railway.TestCase05" name="TCO5" time="6.179">
    <failure type="java.lang.AssertionError" message="Welcome message is not displayed as expexed expected [You have used 4 out of 5 login attempts] but found [Invalid username or password. Please try again.]">
      <![CDATA[java.lang.AssertionError: Welcome message is not displayed as expexed expected [You have used 4 out of 5 login attempts] but found [Invalid username or password. Please try again.]
at Railway.TestCase05.TCO5(TestCase05.java:27)
at java.base/java.util.ArrayList.forEach(ArrayList.java:1511)
at com.intellij.rt.testng.IDEARemoteTestNG.run(IDEARemoteTestNG.java:66)
at com.intellij.rt.testng.RemoteTestNGStarter.main(RemoteTestNGStarter.java:109)
... Removed 29 stack frames]]>
    </failure>
  </testcase> <!-- TCO5 -->
  <testcase classname="Railway.TestCase06" name="TCO6" time="7.544"/>
  <testcase classname="Railway.TestCase07" name="TCO7" time="5.192"/>
  <testcase classname="Railway.TestCase08" name="TCO8" time="5.108"/>
  <testcase classname="Railway.TestCase09" name="TC09" time="6.62"/>
  <testcase classname="Railway.TestCase10" name="TC10" time="4.36"/>
  <testcase classname="Railway.TestCase11" name="TC11" time="5.414"/>
  <testcase classname="Railway.TestCase14" name="TC14" time="10.041"/>
  <testcase classname="Railway.TestCase15" name="TC15" time="9.03">
    <failure type="java.lang.AssertionError" message="expected [Ticket price from Đà Nẵng to Sài Gòn] but found [Ticket price from Sài Gòn to Phan Thiết]">
      <![CDATA[java.lang.AssertionError: expected [Ticket price from Đà Nẵng to Sài Gòn] but found [Ticket price from Sài Gòn to Phan Thiết]
at Railway.TestCase15.TC15(TestCase15.java:32)
at java.base/java.util.ArrayList.forEach(ArrayList.java:1511)
at com.intellij.rt.testng.IDEARemoteTestNG.run(IDEARemoteTestNG.java:66)
at com.intellij.rt.testng.RemoteTestNGStarter.main(RemoteTestNGStarter.java:109)
... Removed 30 stack frames]]>
    </failure>
  </testcase> <!-- TC15 -->
  <testcase classname="Railway.TestCase16" name="TC16" time="16.569"/>
  <testcase classname="Railway.TestCase17" name="TC17" time="11.464"/>
</testsuite> <!-- SeleniumLevel1 -->
